<?xml version="1.0" encoding="UTF-8" ?>
<testsuite tests="8" failures="0" name="com.toolrental.test.ToolRentalApplicationTest" time="0.126" errors="0" skipped="0">
  <properties>
[...]
</properties>
  <testcase classname="com.toolrental.test.ToolRentalApplicationTest" name="com.toolrental.test.ToolRentalApplicationTest.test1" time="0.066"/>
  <testcase classname="com.toolrental.test.ToolRentalApplicationTest" name="com.toolrental.test.ToolRentalApplicationTest.test2" time="0.033"/>
  <testcase classname="com.toolrental.test.ToolRentalApplicationTest" name="com.toolrental.test.ToolRentalApplicationTest.test3" time="0.005"/>
  <testcase classname="com.toolrental.test.ToolRentalApplicationTest" name="com.toolrental.test.ToolRentalApplicationTest.test4" time="0.001"/>
  <testcase classname="com.toolrental.test.ToolRentalApplicationTest" name="com.toolrental.test.ToolRentalApplicationTest.test5" time="0.001"/>
  <testcase classname="com.toolrental.test.ToolRentalApplicationTest" name="com.toolrental.test.ToolRentalApplicationTest.test6" time="0"/>
  <testcase classname="com.toolrental.test.ToolRentalApplicationTest" name="com.toolrental.test.ToolRentalApplicationTest.test7" time="0.001"/>
  <testcase classname="com.toolrental.test.ToolRentalApplicationTest" name="com.toolrental.test.ToolRentalApplicationTest.test8" time="0.019"/>
</testsuite>